17:20:52.751 [main] INFO  org.testng.internal.Utils - [Utils] MethodGroupsHelper.collectMethodsByGroup() took 0 ms.
17:20:52.756 [main] INFO  org.testng.internal.Utils - [Utils] MethodGroupsHelper.sortMethods() took 1 ms.
17:20:52.759 [main] INFO  org.testng.internal.Utils - [Utils] MethodGroupsHelper.collectMethodsByGroup() took 0 ms.
17:20:52.759 [main] INFO  org.testng.internal.Utils - [Utils] MethodGroupsHelper.sortMethods() took 0 ms.
17:20:52.760 [main] INFO  org.testng.internal.Utils - [Utils] MethodGroupsHelper.collectMethodsByGroup() took 0 ms.
17:20:52.760 [main] INFO  org.testng.internal.Utils - [Utils] MethodGroupsHelper.sortMethods() took 0 ms.
17:20:52.760 [main] INFO  org.testng.internal.Utils - [Utils] MethodGroupsHelper.collectMethodsByGroup() took 0 ms.
17:20:52.760 [main] INFO  org.testng.internal.Utils - [Utils] MethodGroupsHelper.sortMethods() took 0 ms.
17:20:52.767 [main] INFO  org.testng.internal.Utils - [Utils] MethodGroupsHelper.collectMethodsByGroup() took 4 ms.
17:20:52.775 [main] INFO  org.testng.internal.Utils - [Utils] MethodGroupsHelper.sortMethods() took 8 ms.
17:20:52.777 [main] INFO  org.testng.internal.Utils - [Utils] MethodGroupsHelper.collectMethodsByGroup() took 0 ms.
17:20:52.777 [main] INFO  org.testng.internal.Utils - [Utils] MethodGroupsHelper.sortMethods() took 0 ms.
17:20:52.778 [main] INFO  org.testng.internal.Utils - [Utils] MethodGroupsHelper.collectMethodsByGroup() took 0 ms.
17:20:52.778 [main] INFO  org.testng.internal.Utils - [Utils] MethodGroupsHelper.sortMethods() took 0 ms.
17:20:52.779 [main] INFO  org.testng.internal.Utils - [Utils] MethodGroupsHelper.collectMethodsByGroup() took 0 ms.
17:20:52.779 [main] INFO  org.testng.internal.Utils - [Utils] MethodGroupsHelper.sortMethods() took 0 ms.
17:20:52.781 [main] INFO  org.testng.internal.Utils - [Utils] MethodGroupsHelper.collectMethodsByGroup() took 0 ms.
17:20:52.781 [main] INFO  org.testng.internal.Utils - [Utils] MethodGroupsHelper.sortMethods() took 0 ms.
17:20:52.781 [main] INFO  org.testng.internal.Utils - [Utils] MethodGroupsHelper.collectMethodsByGroup() took 0 ms.
17:20:52.781 [main] INFO  org.testng.internal.Utils - [Utils] MethodGroupsHelper.sortMethods() took 0 ms.
17:20:52.786 [main] INFO  org.testng.internal.Utils - [Utils] MethodGroupsHelper.collectMethodsByGroup() took 0 ms.
17:20:52.786 [main] INFO  org.testng.internal.Utils - [Utils] MethodGroupsHelper.sortMethods() took 0 ms.
17:20:52.786 [main] INFO  org.testng.internal.Utils - [Utils] MethodGroupsHelper.collectMethodsByGroup() took 0 ms.
17:20:52.786 [main] INFO  org.testng.internal.Utils - [Utils] MethodGroupsHelper.sortMethods() took 0 ms.
17:20:52.787 [main] INFO  org.testng.internal.Utils - [Utils] MethodGroupsHelper.collectMethodsByGroup() took 1 ms.
17:20:52.787 [main] INFO  org.testng.internal.Utils - [Utils] MethodGroupsHelper.sortMethods() took 0 ms.
17:20:52.789 [main] INFO  org.testng.internal.Utils - [Utils] MethodGroupsHelper.collectMethodsByGroup() took 0 ms.
17:20:52.789 [main] INFO  org.testng.internal.Utils - [Utils] MethodGroupsHelper.sortMethods() took 0 ms.
17:20:52.789 [main] INFO  org.testng.internal.Utils - [Utils] MethodGroupsHelper.collectMethodsByGroup() took 0 ms.
17:20:52.789 [main] INFO  org.testng.internal.Utils - [Utils] MethodGroupsHelper.sortMethods() took 0 ms.
17:20:52.799 [main] INFO  org.testng.internal.Utils - [TestNG] Running:
  C:\Users\manoj.kumar\AppData\Local\Temp\testng-eclipse-1838280003\testng-customsuite.xml

17:20:52.817 [main] INFO  org.testng.internal.Utils - [Utils] DynamicGraphHelper.createDynamicGraph() took 4 ms.
17:20:53.907 [main] INFO  org.testng.internal.Utils - [TestNG] Time taken by org.testng.reporters.jq.Main@2571066a: 62 ms
17:20:53.919 [main] INFO  org.testng.internal.Utils - [TestNG] Time taken by org.testng.reporters.FailedReporter@64030b91: 10 ms
17:20:53.930 [main] INFO  org.testng.internal.Utils - [TestNG] Time taken by org.testng.reporters.XMLReporter@319854f0: 10 ms
17:20:53.938 [main] INFO  org.testng.internal.Utils - [TestNG] Time taken by org.testng.reporters.EmailableReporter2@682bd3c4: 8 ms
17:20:53.946 [main] INFO  org.testng.internal.Utils - [TestNG] Time taken by org.testng.reporters.JUnitReportReporter@566d0c69: 8 ms
17:20:53.947 [main] INFO  org.testng.internal.Utils - [TestNG] Time taken by org.testng.internal.ExitCodeListener@388b401d: 0 ms
17:21:01.964 [main] INFO  org.testng.internal.Utils - [TestNG] Running:
  C:\Users\manoj.kumar\eclipse-workspace\rahulshetty\master.xml

17:21:05.854 [main] INFO  rahulshetty.testCases.TC003_LoginDDT - BeforeClass is executed...
17:21:07.251 [main] INFO  rahulshetty.testCases.TC003_LoginDDT - -->Starting TC003_LoginDDT
17:21:07.972 [main] INFO  rahulshetty.testCases.TC003_LoginDDT - -->Finished TC003_LoginDDT
17:21:07.978 [main] INFO  rahulshetty.testCases.TC003_LoginDDT - -->Starting TC003_LoginDDT
17:21:13.327 [main] INFO  rahulshetty.testCases.TC003_LoginDDT - -->Starting TC003_LoginDDT
17:21:18.647 [main] INFO  rahulshetty.testCases.TC003_LoginDDT - -->Starting TC003_LoginDDT
17:21:23.856 [main] INFO  rahulshetty.testCases.TC003_LoginDDT - -->Starting TC003_LoginDDT
17:21:29.208 [main] INFO  rahulshetty.testCases.TC003_LoginDDT - AfterClass is executed...
17:21:42.344 [main] INFO  org.testng.internal.Utils - [TestNG] Running:
  C:\Users\manoj.kumar\eclipse-workspace\rahulshetty\master.xml

17:21:52.247 [main] INFO  rahulshetty.testCases.TC003_LoginDDT - BeforeClass is executed...
17:21:53.605 [main] INFO  rahulshetty.testCases.TC003_LoginDDT - -->Starting TC003_LoginDDT
17:21:54.382 [main] INFO  rahulshetty.testCases.TC003_LoginDDT - -->Finished TC003_LoginDDT
17:21:54.388 [main] INFO  rahulshetty.testCases.TC003_LoginDDT - -->Starting TC003_LoginDDT
17:22:04.722 [main] INFO  rahulshetty.testCases.TC003_LoginDDT - -->Starting TC003_LoginDDT
17:22:15.105 [main] INFO  rahulshetty.testCases.TC003_LoginDDT - -->Starting TC003_LoginDDT
17:22:25.417 [main] INFO  rahulshetty.testCases.TC003_LoginDDT - -->Starting TC003_LoginDDT
17:22:35.770 [main] INFO  rahulshetty.testCases.TC003_LoginDDT - AfterClass is executed...
17:24:09.403 [main] INFO  org.testng.internal.Utils - [Utils] MethodGroupsHelper.collectMethodsByGroup() took 0 ms.
17:24:09.409 [main] INFO  org.testng.internal.Utils - [Utils] MethodGroupsHelper.sortMethods() took 2 ms.
17:24:09.411 [main] INFO  org.testng.internal.Utils - [Utils] MethodGroupsHelper.collectMethodsByGroup() took 0 ms.
17:24:09.411 [main] INFO  org.testng.internal.Utils - [Utils] MethodGroupsHelper.sortMethods() took 0 ms.
17:24:09.411 [main] INFO  org.testng.internal.Utils - [Utils] MethodGroupsHelper.collectMethodsByGroup() took 0 ms.
17:24:09.411 [main] INFO  org.testng.internal.Utils - [Utils] MethodGroupsHelper.sortMethods() took 0 ms.
17:24:09.413 [main] INFO  org.testng.internal.Utils - [Utils] MethodGroupsHelper.collectMethodsByGroup() took 0 ms.
17:24:09.413 [main] INFO  org.testng.internal.Utils - [Utils] MethodGroupsHelper.sortMethods() took 0 ms.
17:24:09.419 [main] INFO  org.testng.internal.Utils - [Utils] MethodGroupsHelper.collectMethodsByGroup() took 4 ms.
17:24:09.427 [main] INFO  org.testng.internal.Utils - [Utils] MethodGroupsHelper.sortMethods() took 8 ms.
17:24:09.429 [main] INFO  org.testng.internal.Utils - [Utils] MethodGroupsHelper.collectMethodsByGroup() took 0 ms.
17:24:09.430 [main] INFO  org.testng.internal.Utils - [Utils] MethodGroupsHelper.sortMethods() took 1 ms.
17:24:09.431 [main] INFO  org.testng.internal.Utils - [Utils] MethodGroupsHelper.collectMethodsByGroup() took 0 ms.
17:24:09.431 [main] INFO  org.testng.internal.Utils - [Utils] MethodGroupsHelper.sortMethods() took 0 ms.
17:24:09.432 [main] INFO  org.testng.internal.Utils - [Utils] MethodGroupsHelper.collectMethodsByGroup() took 0 ms.
17:24:09.432 [main] INFO  org.testng.internal.Utils - [Utils] MethodGroupsHelper.sortMethods() took 0 ms.
17:24:09.434 [main] INFO  org.testng.internal.Utils - [Utils] MethodGroupsHelper.collectMethodsByGroup() took 0 ms.
17:24:09.434 [main] INFO  org.testng.internal.Utils - [Utils] MethodGroupsHelper.sortMethods() took 0 ms.
17:24:09.434 [main] INFO  org.testng.internal.Utils - [Utils] MethodGroupsHelper.collectMethodsByGroup() took 0 ms.
17:24:09.434 [main] INFO  org.testng.internal.Utils - [Utils] MethodGroupsHelper.sortMethods() took 0 ms.
17:24:09.437 [main] INFO  org.testng.internal.Utils - [Utils] MethodGroupsHelper.collectMethodsByGroup() took 0 ms.
17:24:09.437 [main] INFO  org.testng.internal.Utils - [Utils] MethodGroupsHelper.sortMethods() took 0 ms.
17:24:09.437 [main] INFO  org.testng.internal.Utils - [Utils] MethodGroupsHelper.collectMethodsByGroup() took 0 ms.
17:24:09.437 [main] INFO  org.testng.internal.Utils - [Utils] MethodGroupsHelper.sortMethods() took 0 ms.
17:24:09.438 [main] INFO  org.testng.internal.Utils - [Utils] MethodGroupsHelper.collectMethodsByGroup() took 1 ms.
17:24:09.438 [main] INFO  org.testng.internal.Utils - [Utils] MethodGroupsHelper.sortMethods() took 0 ms.
17:24:09.437 [main] INFO  org.testng.internal.Utils - [Utils] MethodGroupsHelper.collectMethodsByGroup() took 0 ms.
17:24:09.440 [main] INFO  org.testng.internal.Utils - [Utils] MethodGroupsHelper.collectMethodsByGroup() took 0 ms.
17:24:09.440 [main] INFO  org.testng.internal.Utils - [Utils] MethodGroupsHelper.sortMethods() took 0 ms.
17:24:09.440 [main] INFO  org.testng.internal.Utils - [Utils] MethodGroupsHelper.collectMethodsByGroup() took 0 ms.
17:24:09.440 [main] INFO  org.testng.internal.Utils - [Utils] MethodGroupsHelper.sortMethods() took 0 ms.
17:24:09.442 [main] INFO  org.testng.internal.Utils - [Utils] MethodGroupsHelper.sortMethods() took 1 ms.
17:24:09.444 [main] INFO  org.testng.internal.Utils - [Utils] MethodGroupsHelper.collectMethodsByGroup() took 0 ms.
17:24:09.444 [main] INFO  org.testng.internal.Utils - [Utils] MethodGroupsHelper.sortMethods() took 0 ms.
17:24:09.445 [main] INFO  org.testng.internal.Utils - [Utils] MethodGroupsHelper.collectMethodsByGroup() took 0 ms.
17:24:09.445 [main] INFO  org.testng.internal.Utils - [Utils] MethodGroupsHelper.sortMethods() took 0 ms.
17:24:09.445 [main] INFO  org.testng.internal.Utils - [Utils] MethodGroupsHelper.collectMethodsByGroup() took 0 ms.
17:24:09.445 [main] INFO  org.testng.internal.Utils - [Utils] MethodGroupsHelper.sortMethods() took 0 ms.
17:24:09.450 [main] INFO  org.testng.internal.Utils - [TestNG] Running:
  C:\Users\manoj.kumar\AppData\Local\Temp\testng-eclipse-528654399\testng-customsuite.xml

17:24:09.453 [main] INFO  org.testng.internal.Utils - [Utils] MethodGroupsHelper.collectMethodsByGroup() took 5 ms.
17:24:09.464 [main] INFO  org.testng.internal.Utils - [Utils] MethodGroupsHelper.sortMethods() took 11 ms.
17:24:09.466 [main] INFO  org.testng.internal.Utils - [Utils] MethodGroupsHelper.collectMethodsByGroup() took 0 ms.
17:24:09.466 [main] INFO  org.testng.internal.Utils - [Utils] MethodGroupsHelper.sortMethods() took 0 ms.
17:24:09.467 [main] INFO  org.testng.internal.Utils - [Utils] MethodGroupsHelper.collectMethodsByGroup() took 0 ms.
17:24:09.467 [main] INFO  org.testng.internal.Utils - [Utils] MethodGroupsHelper.sortMethods() took 0 ms.
17:24:09.468 [main] INFO  org.testng.internal.Utils - [Utils] MethodGroupsHelper.collectMethodsByGroup() took 0 ms.
17:24:09.468 [main] INFO  org.testng.internal.Utils - [Utils] MethodGroupsHelper.sortMethods() took 0 ms.
17:24:09.470 [main] INFO  org.testng.internal.Utils - [Utils] MethodGroupsHelper.collectMethodsByGroup() took 0 ms.
17:24:09.470 [main] INFO  org.testng.internal.Utils - [Utils] MethodGroupsHelper.sortMethods() took 0 ms.
17:24:09.470 [main] INFO  org.testng.internal.Utils - [Utils] MethodGroupsHelper.collectMethodsByGroup() took 0 ms.
17:24:09.471 [main] INFO  org.testng.internal.Utils - [Utils] MethodGroupsHelper.sortMethods() took 0 ms.
17:24:09.472 [main] INFO  org.testng.internal.Utils - [Utils] DynamicGraphHelper.createDynamicGraph() took 6 ms.
17:24:09.475 [main] INFO  org.testng.internal.Utils - [Utils] MethodGroupsHelper.collectMethodsByGroup() took 0 ms.
17:24:09.475 [main] INFO  org.testng.internal.Utils - [Utils] MethodGroupsHelper.sortMethods() took 0 ms.
17:24:09.475 [main] INFO  org.testng.internal.Utils - [Utils] MethodGroupsHelper.collectMethodsByGroup() took 0 ms.
17:24:09.475 [main] INFO  org.testng.internal.Utils - [Utils] MethodGroupsHelper.sortMethods() took 0 ms.
17:24:09.477 [main] INFO  org.testng.internal.Utils - [Utils] MethodGroupsHelper.collectMethodsByGroup() took 0 ms.
17:24:09.477 [main] INFO  org.testng.internal.Utils - [Utils] MethodGroupsHelper.sortMethods() took 0 ms.
17:24:09.479 [main] INFO  org.testng.internal.Utils - [Utils] MethodGroupsHelper.collectMethodsByGroup() took 0 ms.
17:24:09.479 [main] INFO  org.testng.internal.Utils - [Utils] MethodGroupsHelper.sortMethods() took 0 ms.
17:24:09.479 [main] INFO  org.testng.internal.Utils - [Utils] MethodGroupsHelper.collectMethodsByGroup() took 0 ms.
17:24:09.479 [main] INFO  org.testng.internal.Utils - [Utils] MethodGroupsHelper.sortMethods() took 0 ms.
17:24:09.495 [main] INFO  org.testng.internal.Utils - [TestNG] Running:
  C:\Users\manoj.kumar\AppData\Local\Temp\testng-eclipse-520189923\testng-customsuite.xml

17:24:09.521 [main] INFO  org.testng.internal.Utils - [Utils] DynamicGraphHelper.createDynamicGraph() took 7 ms.
17:24:11.433 [main] INFO  org.testng.internal.Utils - [TestNG] Time taken by org.testng.reporters.jq.Main@72d0f2b4: 90 ms
17:24:11.449 [main] INFO  org.testng.internal.Utils - [TestNG] Time taken by org.testng.reporters.FailedReporter@47b179d7: 15 ms
17:24:11.467 [main] INFO  org.testng.internal.Utils - [TestNG] Time taken by org.testng.reporters.XMLReporter@5176d279: 17 ms
17:24:11.467 [main] INFO  org.testng.internal.Utils - [TestNG] Time taken by org.testng.reporters.jq.Main@72d0f2b4: 91 ms
17:24:11.480 [main] INFO  org.testng.internal.Utils - [TestNG] Time taken by org.testng.reporters.EmailableReporter2@f3021cb: 13 ms
17:24:11.489 [main] INFO  org.testng.internal.Utils - [TestNG] Time taken by org.testng.reporters.FailedReporter@47b179d7: 22 ms
17:24:11.490 [main] INFO  org.testng.internal.Utils - [TestNG] Time taken by org.testng.reporters.JUnitReportReporter@664e5dee: 9 ms
17:24:11.491 [main] INFO  org.testng.internal.Utils - [TestNG] Time taken by org.testng.internal.ExitCodeListener@431f1eaf: 0 ms
17:24:11.504 [main] INFO  org.testng.internal.Utils - [TestNG] Time taken by org.testng.reporters.XMLReporter@5176d279: 15 ms
17:24:11.515 [main] INFO  org.testng.internal.Utils - [TestNG] Time taken by org.testng.reporters.EmailableReporter2@f3021cb: 11 ms
17:24:11.524 [main] INFO  org.testng.internal.Utils - [TestNG] Time taken by org.testng.reporters.JUnitReportReporter@664e5dee: 9 ms
17:24:11.524 [main] INFO  org.testng.internal.Utils - [TestNG] Time taken by org.testng.internal.ExitCodeListener@431f1eaf: 0 ms
17:24:17.053 [main] INFO  org.testng.internal.Utils - [Utils] MethodGroupsHelper.collectMethodsByGroup() took 0 ms.
17:24:17.062 [main] INFO  org.testng.internal.Utils - [Utils] MethodGroupsHelper.sortMethods() took 3 ms.
17:24:17.065 [main] INFO  org.testng.internal.Utils - [Utils] MethodGroupsHelper.collectMethodsByGroup() took 0 ms.
17:24:17.065 [main] INFO  org.testng.internal.Utils - [Utils] MethodGroupsHelper.sortMethods() took 0 ms.
17:24:17.066 [main] INFO  org.testng.internal.Utils - [Utils] MethodGroupsHelper.collectMethodsByGroup() took 0 ms.
17:24:17.066 [main] INFO  org.testng.internal.Utils - [Utils] MethodGroupsHelper.sortMethods() took 0 ms.
17:24:17.068 [main] INFO  org.testng.internal.Utils - [Utils] MethodGroupsHelper.collectMethodsByGroup() took 0 ms.
17:24:17.068 [main] INFO  org.testng.internal.Utils - [Utils] MethodGroupsHelper.sortMethods() took 0 ms.
17:24:17.076 [main] INFO  org.testng.internal.Utils - [Utils] MethodGroupsHelper.collectMethodsByGroup() took 4 ms.
17:24:17.088 [main] INFO  org.testng.internal.Utils - [Utils] MethodGroupsHelper.sortMethods() took 10 ms.
17:24:17.090 [main] INFO  org.testng.internal.Utils - [Utils] MethodGroupsHelper.collectMethodsByGroup() took 0 ms.
17:24:17.091 [main] INFO  org.testng.internal.Utils - [Utils] MethodGroupsHelper.sortMethods() took 1 ms.
17:24:17.093 [main] INFO  org.testng.internal.Utils - [Utils] MethodGroupsHelper.collectMethodsByGroup() took 0 ms.
17:24:17.093 [main] INFO  org.testng.internal.Utils - [Utils] MethodGroupsHelper.sortMethods() took 0 ms.
17:24:17.093 [main] INFO  org.testng.internal.Utils - [Utils] MethodGroupsHelper.collectMethodsByGroup() took 0 ms.
17:24:17.094 [main] INFO  org.testng.internal.Utils - [Utils] MethodGroupsHelper.sortMethods() took 0 ms.
17:24:17.097 [main] INFO  org.testng.internal.Utils - [Utils] MethodGroupsHelper.collectMethodsByGroup() took 0 ms.
17:24:17.097 [main] INFO  org.testng.internal.Utils - [Utils] MethodGroupsHelper.sortMethods() took 0 ms.
17:24:17.098 [main] INFO  org.testng.internal.Utils - [Utils] MethodGroupsHelper.collectMethodsByGroup() took 0 ms.
17:24:17.098 [main] INFO  org.testng.internal.Utils - [Utils] MethodGroupsHelper.sortMethods() took 0 ms.
17:24:17.100 [main] INFO  org.testng.internal.Utils - [Utils] MethodGroupsHelper.collectMethodsByGroup() took 0 ms.
17:24:17.101 [main] INFO  org.testng.internal.Utils - [Utils] MethodGroupsHelper.sortMethods() took 0 ms.
17:24:17.101 [main] INFO  org.testng.internal.Utils - [Utils] MethodGroupsHelper.collectMethodsByGroup() took 0 ms.
17:24:17.101 [main] INFO  org.testng.internal.Utils - [Utils] MethodGroupsHelper.sortMethods() took 0 ms.
17:24:17.103 [main] INFO  org.testng.internal.Utils - [Utils] MethodGroupsHelper.collectMethodsByGroup() took 0 ms.
17:24:17.104 [main] INFO  org.testng.internal.Utils - [Utils] MethodGroupsHelper.sortMethods() took 0 ms.
17:24:17.106 [main] INFO  org.testng.internal.Utils - [Utils] MethodGroupsHelper.collectMethodsByGroup() took 0 ms.
17:24:17.106 [main] INFO  org.testng.internal.Utils - [Utils] MethodGroupsHelper.sortMethods() took 0 ms.
17:24:17.106 [main] INFO  org.testng.internal.Utils - [Utils] MethodGroupsHelper.collectMethodsByGroup() took 0 ms.
17:24:17.107 [main] INFO  org.testng.internal.Utils - [Utils] MethodGroupsHelper.sortMethods() took 0 ms.
17:24:17.117 [main] INFO  org.testng.internal.Utils - [TestNG] Running:
  C:\Users\manoj.kumar\AppData\Local\Temp\testng-eclipse-292818648\testng-customsuite.xml

17:24:17.141 [main] INFO  org.testng.internal.Utils - [Utils] DynamicGraphHelper.createDynamicGraph() took 6 ms.
17:24:17.296 [main] INFO  org.testng.internal.Utils - [Utils] MethodGroupsHelper.collectMethodsByGroup() took 1 ms.
17:24:17.304 [main] INFO  org.testng.internal.Utils - [Utils] MethodGroupsHelper.sortMethods() took 2 ms.
17:24:17.306 [main] INFO  org.testng.internal.Utils - [Utils] MethodGroupsHelper.collectMethodsByGroup() took 0 ms.
17:24:17.306 [main] INFO  org.testng.internal.Utils - [Utils] MethodGroupsHelper.sortMethods() took 0 ms.
17:24:17.307 [main] INFO  org.testng.internal.Utils - [Utils] MethodGroupsHelper.collectMethodsByGroup() took 0 ms.
17:24:17.307 [main] INFO  org.testng.internal.Utils - [Utils] MethodGroupsHelper.sortMethods() took 0 ms.
17:24:17.308 [main] INFO  org.testng.internal.Utils - [Utils] MethodGroupsHelper.collectMethodsByGroup() took 0 ms.
17:24:17.308 [main] INFO  org.testng.internal.Utils - [Utils] MethodGroupsHelper.sortMethods() took 0 ms.
17:24:17.317 [main] INFO  org.testng.internal.Utils - [Utils] MethodGroupsHelper.collectMethodsByGroup() took 7 ms.
17:24:17.327 [main] INFO  org.testng.internal.Utils - [Utils] MethodGroupsHelper.sortMethods() took 8 ms.
17:24:17.329 [main] INFO  org.testng.internal.Utils - [Utils] MethodGroupsHelper.collectMethodsByGroup() took 0 ms.
17:24:17.330 [main] INFO  org.testng.internal.Utils - [Utils] MethodGroupsHelper.sortMethods() took 0 ms.
17:24:17.331 [main] INFO  org.testng.internal.Utils - [Utils] MethodGroupsHelper.collectMethodsByGroup() took 0 ms.
17:24:17.331 [main] INFO  org.testng.internal.Utils - [Utils] MethodGroupsHelper.sortMethods() took 0 ms.
17:24:17.332 [main] INFO  org.testng.internal.Utils - [Utils] MethodGroupsHelper.collectMethodsByGroup() took 0 ms.
17:24:17.332 [main] INFO  org.testng.internal.Utils - [Utils] MethodGroupsHelper.sortMethods() took 0 ms.
17:24:17.335 [main] INFO  org.testng.internal.Utils - [Utils] MethodGroupsHelper.collectMethodsByGroup() took 0 ms.
17:24:17.335 [main] INFO  org.testng.internal.Utils - [Utils] MethodGroupsHelper.sortMethods() took 0 ms.
17:24:17.336 [main] INFO  org.testng.internal.Utils - [Utils] MethodGroupsHelper.collectMethodsByGroup() took 0 ms.
17:24:17.336 [main] INFO  org.testng.internal.Utils - [Utils] MethodGroupsHelper.sortMethods() took 0 ms.
17:24:17.339 [main] INFO  org.testng.internal.Utils - [Utils] MethodGroupsHelper.collectMethodsByGroup() took 0 ms.
17:24:17.339 [main] INFO  org.testng.internal.Utils - [Utils] MethodGroupsHelper.sortMethods() took 0 ms.
17:24:17.339 [main] INFO  org.testng.internal.Utils - [Utils] MethodGroupsHelper.collectMethodsByGroup() took 0 ms.
17:24:17.340 [main] INFO  org.testng.internal.Utils - [Utils] MethodGroupsHelper.sortMethods() took 0 ms.
17:24:17.342 [main] INFO  org.testng.internal.Utils - [Utils] MethodGroupsHelper.collectMethodsByGroup() took 0 ms.
17:24:17.342 [main] INFO  org.testng.internal.Utils - [Utils] MethodGroupsHelper.sortMethods() took 0 ms.
17:24:17.344 [main] INFO  org.testng.internal.Utils - [Utils] MethodGroupsHelper.collectMethodsByGroup() took 0 ms.
17:24:17.345 [main] INFO  org.testng.internal.Utils - [Utils] MethodGroupsHelper.sortMethods() took 0 ms.
17:24:17.345 [main] INFO  org.testng.internal.Utils - [Utils] MethodGroupsHelper.collectMethodsByGroup() took 0 ms.
17:24:17.345 [main] INFO  org.testng.internal.Utils - [Utils] MethodGroupsHelper.sortMethods() took 0 ms.
17:24:17.355 [main] INFO  org.testng.internal.Utils - [TestNG] Running:
  C:\Users\manoj.kumar\AppData\Local\Temp\testng-eclipse-315903582\testng-customsuite.xml

17:24:17.379 [main] INFO  org.testng.internal.Utils - [Utils] DynamicGraphHelper.createDynamicGraph() took 5 ms.
17:24:18.640 [main] INFO  org.testng.internal.Utils - [TestNG] Time taken by org.testng.reporters.jq.Main@72d0f2b4: 78 ms
17:24:18.655 [main] INFO  org.testng.internal.Utils - [TestNG] Time taken by org.testng.reporters.FailedReporter@47b179d7: 15 ms
17:24:18.669 [main] INFO  org.testng.internal.Utils - [TestNG] Time taken by org.testng.reporters.XMLReporter@5176d279: 13 ms
17:24:18.680 [main] INFO  org.testng.internal.Utils - [TestNG] Time taken by org.testng.reporters.EmailableReporter2@f3021cb: 11 ms
17:24:18.688 [main] INFO  org.testng.internal.Utils - [TestNG] Time taken by org.testng.reporters.JUnitReportReporter@664e5dee: 7 ms
17:24:18.689 [main] INFO  org.testng.internal.Utils - [TestNG] Time taken by org.testng.internal.ExitCodeListener@431f1eaf: 0 ms
17:25:21.007 [main] INFO  org.testng.internal.Utils - [Utils] MethodGroupsHelper.collectMethodsByGroup() took 0 ms.
17:25:21.011 [main] INFO  org.testng.internal.Utils - [Utils] MethodGroupsHelper.sortMethods() took 0 ms.
17:25:21.013 [main] INFO  org.testng.internal.Utils - [Utils] MethodGroupsHelper.collectMethodsByGroup() took 0 ms.
17:25:21.013 [main] INFO  org.testng.internal.Utils - [Utils] MethodGroupsHelper.sortMethods() took 0 ms.
17:25:21.013 [main] INFO  org.testng.internal.Utils - [Utils] MethodGroupsHelper.collectMethodsByGroup() took 0 ms.
17:25:21.014 [main] INFO  org.testng.internal.Utils - [Utils] MethodGroupsHelper.sortMethods() took 0 ms.
17:25:21.014 [main] INFO  org.testng.internal.Utils - [Utils] MethodGroupsHelper.collectMethodsByGroup() took 0 ms.
17:25:21.014 [main] INFO  org.testng.internal.Utils - [Utils] MethodGroupsHelper.sortMethods() took 0 ms.
17:25:21.024 [main] INFO  org.testng.internal.Utils - [Utils] MethodGroupsHelper.collectMethodsByGroup() took 4 ms.
17:25:21.033 [main] INFO  org.testng.internal.Utils - [Utils] MethodGroupsHelper.sortMethods() took 9 ms.
17:25:21.035 [main] INFO  org.testng.internal.Utils - [Utils] MethodGroupsHelper.collectMethodsByGroup() took 0 ms.
17:25:21.035 [main] INFO  org.testng.internal.Utils - [Utils] MethodGroupsHelper.sortMethods() took 0 ms.
17:25:21.036 [main] INFO  org.testng.internal.Utils - [Utils] MethodGroupsHelper.collectMethodsByGroup() took 0 ms.
17:25:21.036 [main] INFO  org.testng.internal.Utils - [Utils] MethodGroupsHelper.sortMethods() took 0 ms.
17:25:21.037 [main] INFO  org.testng.internal.Utils - [Utils] MethodGroupsHelper.collectMethodsByGroup() took 0 ms.
17:25:21.037 [main] INFO  org.testng.internal.Utils - [Utils] MethodGroupsHelper.sortMethods() took 0 ms.
17:25:21.039 [main] INFO  org.testng.internal.Utils - [Utils] MethodGroupsHelper.collectMethodsByGroup() took 0 ms.
17:25:21.040 [main] INFO  org.testng.internal.Utils - [Utils] MethodGroupsHelper.sortMethods() took 0 ms.
17:25:21.040 [main] INFO  org.testng.internal.Utils - [Utils] MethodGroupsHelper.collectMethodsByGroup() took 0 ms.
17:25:21.040 [main] INFO  org.testng.internal.Utils - [Utils] MethodGroupsHelper.sortMethods() took 0 ms.
17:25:21.046 [main] INFO  org.testng.internal.Utils - [Utils] MethodGroupsHelper.collectMethodsByGroup() took 0 ms.
17:25:21.046 [main] INFO  org.testng.internal.Utils - [Utils] MethodGroupsHelper.sortMethods() took 0 ms.
17:25:21.046 [main] INFO  org.testng.internal.Utils - [Utils] MethodGroupsHelper.collectMethodsByGroup() took 0 ms.
17:25:21.046 [main] INFO  org.testng.internal.Utils - [Utils] MethodGroupsHelper.sortMethods() took 0 ms.
17:25:21.047 [main] INFO  org.testng.internal.Utils - [Utils] MethodGroupsHelper.collectMethodsByGroup() took 0 ms.
17:25:21.048 [main] INFO  org.testng.internal.Utils - [Utils] MethodGroupsHelper.sortMethods() took 0 ms.
17:25:21.049 [main] INFO  org.testng.internal.Utils - [Utils] MethodGroupsHelper.collectMethodsByGroup() took 0 ms.
17:25:21.049 [main] INFO  org.testng.internal.Utils - [Utils] MethodGroupsHelper.sortMethods() took 0 ms.
17:25:21.049 [main] INFO  org.testng.internal.Utils - [Utils] MethodGroupsHelper.collectMethodsByGroup() took 0 ms.
17:25:21.049 [main] INFO  org.testng.internal.Utils - [Utils] MethodGroupsHelper.sortMethods() took 0 ms.
17:25:21.058 [main] INFO  org.testng.internal.Utils - [TestNG] Running:
  C:\Users\manoj.kumar\AppData\Local\Temp\testng-eclipse-418539593\testng-customsuite.xml

17:25:21.075 [main] INFO  org.testng.internal.Utils - [Utils] DynamicGraphHelper.createDynamicGraph() took 5 ms.
17:25:31.288 [main] INFO  org.testng.internal.Utils - [TestNG] Running:
  C:\Users\manoj.kumar\eclipse-workspace\rahulshetty\master.xml

17:25:34.599 [main] INFO  rahulshetty.testCases.TC003_LoginDDT - BeforeClass is executed...
17:25:36.049 [main] INFO  rahulshetty.testCases.TC003_LoginDDT - -->Starting TC003_LoginDDT
17:25:40.589 [main] INFO  rahulshetty.testCases.TC003_LoginDDT - -->Finished TC003_LoginDDT
17:25:40.596 [main] INFO  rahulshetty.testCases.TC003_LoginDDT - -->Starting TC003_LoginDDT
17:25:59.220 [main] INFO  rahulshetty.testCases.TC003_LoginDDT - -->Finished TC003_LoginDDT
17:25:59.222 [main] INFO  rahulshetty.testCases.TC003_LoginDDT - -->Starting TC003_LoginDDT
17:26:19.613 [main] INFO  rahulshetty.testCases.TC003_LoginDDT - -->Finished TC003_LoginDDT
17:26:19.616 [main] INFO  rahulshetty.testCases.TC003_LoginDDT - -->Starting TC003_LoginDDT
17:26:44.813 [main] INFO  org.testng.internal.Utils - [TestNG] Running:
  C:\Users\manoj.kumar\eclipse-workspace\rahulshetty\master.xml

17:26:51.473 [main] INFO  rahulshetty.testCases.TC003_LoginDDT - BeforeClass is executed...
17:26:52.850 [main] INFO  rahulshetty.testCases.TC003_LoginDDT - -->Starting TC003_LoginDDT
17:26:53.619 [main] INFO  rahulshetty.testCases.TC003_LoginDDT - -->Finished TC003_LoginDDT
17:26:53.626 [main] INFO  rahulshetty.testCases.TC003_LoginDDT - -->Starting TC003_LoginDDT
17:27:07.151 [main] INFO  rahulshetty.testCases.TC003_LoginDDT - -->Finished TC003_LoginDDT
17:27:07.155 [main] INFO  rahulshetty.testCases.TC003_LoginDDT - -->Starting TC003_LoginDDT
17:27:20.606 [main] INFO  rahulshetty.testCases.TC003_LoginDDT - -->Finished TC003_LoginDDT
17:27:20.610 [main] INFO  rahulshetty.testCases.TC003_LoginDDT - -->Starting TC003_LoginDDT
17:27:34.106 [main] INFO  rahulshetty.testCases.TC003_LoginDDT - -->Finished TC003_LoginDDT
17:27:34.110 [main] INFO  rahulshetty.testCases.TC003_LoginDDT - -->Starting TC003_LoginDDT
17:27:35.038 [main] INFO  rahulshetty.testCases.TC003_LoginDDT - -->Finished TC003_LoginDDT
17:27:35.134 [main] INFO  rahulshetty.testCases.TC003_LoginDDT - AfterClass is executed...
17:28:05.217 [main] INFO  org.testng.internal.Utils - [TestNG] Running:
  C:\Users\manoj.kumar\eclipse-workspace\rahulshetty\master.xml

17:28:09.734 [main] INFO  rahulshetty.testCases.TC003_LoginDDT - BeforeClass is executed...
17:28:11.070 [main] INFO  rahulshetty.testCases.TC003_LoginDDT - -->Starting TC003_LoginDDT
17:28:11.770 [main] INFO  rahulshetty.testCases.TC003_LoginDDT - -->Finished TC003_LoginDDT
17:28:11.779 [main] INFO  rahulshetty.testCases.TC003_LoginDDT - -->Starting TC003_LoginDDT
17:28:20.213 [main] INFO  rahulshetty.testCases.TC003_LoginDDT - -->Finished TC003_LoginDDT
17:28:20.216 [main] INFO  rahulshetty.testCases.TC003_LoginDDT - -->Starting TC003_LoginDDT
17:28:28.655 [main] INFO  rahulshetty.testCases.TC003_LoginDDT - -->Finished TC003_LoginDDT
17:28:28.659 [main] INFO  rahulshetty.testCases.TC003_LoginDDT - -->Starting TC003_LoginDDT
17:28:37.088 [main] INFO  rahulshetty.testCases.TC003_LoginDDT - -->Finished TC003_LoginDDT
17:28:37.092 [main] INFO  rahulshetty.testCases.TC003_LoginDDT - -->Starting TC003_LoginDDT
17:28:37.719 [main] INFO  rahulshetty.testCases.TC003_LoginDDT - -->Finished TC003_LoginDDT
17:28:37.802 [main] INFO  rahulshetty.testCases.TC003_LoginDDT - AfterClass is executed...
17:28:53.519 [main] INFO  org.testng.internal.Utils - [TestNG] Running:
  C:\Users\manoj.kumar\eclipse-workspace\rahulshetty\master.xml

17:28:57.637 [main] INFO  rahulshetty.testCases.TC003_LoginDDT - BeforeClass is executed...
17:28:59.010 [main] INFO  rahulshetty.testCases.TC003_LoginDDT - -->Starting TC003_LoginDDT
17:29:04.735 [main] INFO  rahulshetty.testCases.TC003_LoginDDT - -->Finished TC003_LoginDDT
17:29:04.740 [main] INFO  rahulshetty.testCases.TC003_LoginDDT - -->Starting TC003_LoginDDT
17:29:15.825 [main] INFO  rahulshetty.testCases.TC003_LoginDDT - -->Finished TC003_LoginDDT
17:29:15.831 [main] INFO  rahulshetty.testCases.TC003_LoginDDT - -->Starting TC003_LoginDDT
17:29:25.828 [main] INFO  rahulshetty.testCases.TC003_LoginDDT - -->Finished TC003_LoginDDT
17:29:25.831 [main] INFO  rahulshetty.testCases.TC003_LoginDDT - -->Starting TC003_LoginDDT
17:29:39.227 [main] INFO  rahulshetty.testCases.TC003_LoginDDT - -->Finished TC003_LoginDDT
17:29:39.229 [main] INFO  rahulshetty.testCases.TC003_LoginDDT - -->Starting TC003_LoginDDT
17:29:41.920 [main] INFO  rahulshetty.testCases.TC003_LoginDDT - -->Finished TC003_LoginDDT
17:29:42.018 [main] INFO  rahulshetty.testCases.TC003_LoginDDT - AfterClass is executed...
17:34:48.639 [main] INFO  org.testng.internal.Utils - [TestNG] Running:
  C:\Users\manoj.kumar\eclipse-workspace\rahulshetty\master.xml

17:34:55.846 [main] INFO  rahulshetty.testCases.TC003_LoginDDT - BeforeClass is executed...
17:34:57.279 [main] INFO  rahulshetty.testCases.TC003_LoginDDT - -->Starting TC003_LoginDDT
17:35:01.135 [main] INFO  rahulshetty.testCases.TC003_LoginDDT - -->Finished TC003_LoginDDT
17:35:07.717 [main] INFO  rahulshetty.testCases.TC003_LoginDDT - -->Starting TC003_LoginDDT
17:35:46.130 [main] INFO  org.testng.internal.Utils - [Utils] MethodGroupsHelper.collectMethodsByGroup() took 0 ms.
17:35:46.136 [main] INFO  org.testng.internal.Utils - [Utils] MethodGroupsHelper.sortMethods() took 2 ms.
17:35:46.137 [main] INFO  org.testng.internal.Utils - [Utils] MethodGroupsHelper.collectMethodsByGroup() took 0 ms.
17:35:46.137 [main] INFO  org.testng.internal.Utils - [Utils] MethodGroupsHelper.sortMethods() took 0 ms.
17:35:46.138 [main] INFO  org.testng.internal.Utils - [Utils] MethodGroupsHelper.collectMethodsByGroup() took 0 ms.
17:35:46.138 [main] INFO  org.testng.internal.Utils - [Utils] MethodGroupsHelper.sortMethods() took 0 ms.
17:35:46.138 [main] INFO  org.testng.internal.Utils - [Utils] MethodGroupsHelper.collectMethodsByGroup() took 0 ms.
17:35:46.138 [main] INFO  org.testng.internal.Utils - [Utils] MethodGroupsHelper.sortMethods() took 0 ms.
17:35:46.144 [main] INFO  org.testng.internal.Utils - [Utils] MethodGroupsHelper.collectMethodsByGroup() took 3 ms.
17:35:46.153 [main] INFO  org.testng.internal.Utils - [Utils] MethodGroupsHelper.sortMethods() took 8 ms.
17:35:46.155 [main] INFO  org.testng.internal.Utils - [Utils] MethodGroupsHelper.collectMethodsByGroup() took 1 ms.
17:35:46.155 [main] INFO  org.testng.internal.Utils - [Utils] MethodGroupsHelper.sortMethods() took 0 ms.
17:35:46.156 [main] INFO  org.testng.internal.Utils - [Utils] MethodGroupsHelper.collectMethodsByGroup() took 0 ms.
17:35:46.156 [main] INFO  org.testng.internal.Utils - [Utils] MethodGroupsHelper.sortMethods() took 0 ms.
17:35:46.156 [main] INFO  org.testng.internal.Utils - [Utils] MethodGroupsHelper.collectMethodsByGroup() took 0 ms.
17:35:46.156 [main] INFO  org.testng.internal.Utils - [Utils] MethodGroupsHelper.sortMethods() took 0 ms.
17:35:46.158 [main] INFO  org.testng.internal.Utils - [Utils] MethodGroupsHelper.collectMethodsByGroup() took 0 ms.
17:35:46.158 [main] INFO  org.testng.internal.Utils - [Utils] MethodGroupsHelper.sortMethods() took 0 ms.
17:35:46.158 [main] INFO  org.testng.internal.Utils - [Utils] MethodGroupsHelper.collectMethodsByGroup() took 0 ms.
17:35:46.159 [main] INFO  org.testng.internal.Utils - [Utils] MethodGroupsHelper.sortMethods() took 0 ms.
17:35:46.160 [main] INFO  org.testng.internal.Utils - [Utils] MethodGroupsHelper.collectMethodsByGroup() took 0 ms.
17:35:46.161 [main] INFO  org.testng.internal.Utils - [Utils] MethodGroupsHelper.sortMethods() took 0 ms.
17:35:46.161 [main] INFO  org.testng.internal.Utils - [Utils] MethodGroupsHelper.collectMethodsByGroup() took 0 ms.
17:35:46.161 [main] INFO  org.testng.internal.Utils - [Utils] MethodGroupsHelper.sortMethods() took 0 ms.
17:35:46.162 [main] INFO  org.testng.internal.Utils - [Utils] MethodGroupsHelper.collectMethodsByGroup() took 0 ms.
17:35:46.163 [main] INFO  org.testng.internal.Utils - [Utils] MethodGroupsHelper.sortMethods() took 1 ms.
17:35:46.168 [main] INFO  org.testng.internal.Utils - [Utils] MethodGroupsHelper.collectMethodsByGroup() took 0 ms.
17:35:46.168 [main] INFO  org.testng.internal.Utils - [Utils] MethodGroupsHelper.sortMethods() took 0 ms.
17:35:46.168 [main] INFO  org.testng.internal.Utils - [Utils] MethodGroupsHelper.collectMethodsByGroup() took 0 ms.
17:35:46.169 [main] INFO  org.testng.internal.Utils - [Utils] MethodGroupsHelper.sortMethods() took 0 ms.
17:35:46.176 [main] INFO  org.testng.internal.Utils - [TestNG] Running:
  C:\Users\manoj.kumar\AppData\Local\Temp\testng-eclipse-1272725358\testng-customsuite.xml

17:35:46.192 [main] INFO  org.testng.internal.Utils - [Utils] DynamicGraphHelper.createDynamicGraph() took 3 ms.
17:35:47.412 [main] INFO  org.testng.internal.Utils - [TestNG] Time taken by org.testng.reporters.jq.Main@2571066a: 69 ms
17:35:47.424 [main] INFO  org.testng.internal.Utils - [TestNG] Time taken by org.testng.reporters.FailedReporter@64030b91: 11 ms
17:35:47.436 [main] INFO  org.testng.internal.Utils - [TestNG] Time taken by org.testng.reporters.XMLReporter@319854f0: 12 ms
17:35:47.445 [main] INFO  org.testng.internal.Utils - [TestNG] Time taken by org.testng.reporters.EmailableReporter2@682bd3c4: 9 ms
17:35:47.454 [main] INFO  org.testng.internal.Utils - [TestNG] Time taken by org.testng.reporters.JUnitReportReporter@6f667ad1: 7 ms
17:35:47.454 [main] INFO  org.testng.internal.Utils - [TestNG] Time taken by org.testng.internal.ExitCodeListener@566d0c69: 0 ms
17:35:55.143 [main] INFO  org.testng.internal.Utils - [TestNG] Running:
  C:\Users\manoj.kumar\eclipse-workspace\rahulshetty\master.xml

17:35:59.960 [main] INFO  rahulshetty.testCases.TC003_LoginDDT - BeforeClass is executed...
17:36:01.662 [main] INFO  rahulshetty.testCases.TC003_LoginDDT - -->Starting TC003_LoginDDT
17:36:27.034 [main] INFO  org.testng.internal.Utils - [TestNG] Running:
  C:\Users\manoj.kumar\eclipse-workspace\rahulshetty\master.xml

17:36:30.397 [main] INFO  rahulshetty.testCases.TC003_LoginDDT - BeforeClass is executed...
17:36:31.822 [main] INFO  rahulshetty.testCases.TC003_LoginDDT - -->Starting TC003_LoginDDT
17:36:41.061 [main] INFO  rahulshetty.testCases.TC003_LoginDDT - -->Finished TC003_LoginDDT
17:36:41.066 [main] INFO  rahulshetty.testCases.TC003_LoginDDT - -->Starting TC003_LoginDDT
17:36:42.116 [main] INFO  rahulshetty.testCases.TC003_LoginDDT - -->Starting TC003_LoginDDT
17:36:43.155 [main] INFO  rahulshetty.testCases.TC003_LoginDDT - -->Starting TC003_LoginDDT
